<?xml version="1.0" encoding="UTF-8"?>
<!-- Generated by org.testng.reporters.JUnitXMLReporter -->
<testsuite ignored="0" hostname="Anu" failures="0" tests="150" name="Default test" time="39.663" errors="0" timestamp="07 Apr 2019 16:22:23 GMT">
  <testcase classname="com.assignment.testcase.HomePageTest" name="@BeforeMethod setup" time="0.585">
    <failure type="org.openqa.selenium.WebDriverException" message="unknown error: Failed to create a Chrome process.
  (Driver info: chromedriver=73.0.3683.68 (47787ec04b6e38e22703e856e101e840b65afe72),platform=Windows NT 10.0.14393 x86_64) (WARNING: The server did not provide any stacktrace information)
Command duration or timeout: 53 milliseconds
Build info: version: &amp;apos;3.12.0&amp;apos;, revision: &amp;apos;7c6e0b3&amp;apos;, time: &amp;apos;2018-05-08T14:04:26.12Z&amp;apos;
System info: host: &amp;apos;ANU&amp;apos;, ip: &amp;apos;192.168.1.104&amp;apos;, os.name: &amp;apos;Windows 10&amp;apos;, os.arch: &amp;apos;amd64&amp;apos;, os.version: &amp;apos;10.0&amp;apos;, java.version: &amp;apos;10.0.1&amp;apos;
Driver info: driver.version: ChromeDriver">
      <![CDATA[org.openqa.selenium.WebDriverException: unknown error: Failed to create a Chrome process.
  (Driver info: chromedriver=73.0.3683.68 (47787ec04b6e38e22703e856e101e840b65afe72),platform=Windows NT 10.0.14393 x86_64) (WARNING: The server did not provide any stacktrace information)
Command duration or timeout: 53 milliseconds
Build info: version: '3.12.0', revision: '7c6e0b3', time: '2018-05-08T14:04:26.12Z'
System info: host: 'ANU', ip: '192.168.1.104', os.name: 'Windows 10', os.arch: 'amd64', os.version: '10.0', java.version: '10.0.1'
Driver info: driver.version: ChromeDriver
at java.base/jdk.internal.reflect.NativeConstructorAccessorImpl.newInstance0(Native Method)
at java.base/jdk.internal.reflect.NativeConstructorAccessorImpl.newInstance(NativeConstructorAccessorImpl.java:62)
at java.base/jdk.internal.reflect.DelegatingConstructorAccessorImpl.newInstance(DelegatingConstructorAccessorImpl.java:45)
at java.base/java.lang.reflect.Constructor.newInstance(Constructor.java:488)
at org.openqa.selenium.remote.ErrorHandler.createThrowable(ErrorHandler.java:214)
at org.openqa.selenium.remote.ErrorHandler.throwIfResponseFailed(ErrorHandler.java:166)
at org.openqa.selenium.remote.JsonWireProtocolResponse.lambda$new$0(JsonWireProtocolResponse.java:53)
at org.openqa.selenium.remote.JsonWireProtocolResponse.lambda$getResponseFunction$2(JsonWireProtocolResponse.java:91)
at org.openqa.selenium.remote.ProtocolHandshake.lambda$createSession$0(ProtocolHandshake.java:123)
at java.base/java.util.stream.ReferencePipeline$3$1.accept(ReferencePipeline.java:195)
at java.base/java.util.Spliterators$ArraySpliterator.tryAdvance(Spliterators.java:958)
at java.base/java.util.stream.ReferencePipeline.forEachWithCancel(ReferencePipeline.java:127)
at java.base/java.util.stream.AbstractPipeline.copyIntoWithCancel(AbstractPipeline.java:502)
at java.base/java.util.stream.AbstractPipeline.copyInto(AbstractPipeline.java:488)
at java.base/java.util.stream.AbstractPipeline.wrapAndCopyInto(AbstractPipeline.java:474)
at java.base/java.util.stream.FindOps$FindOp.evaluateSequential(FindOps.java:150)
at java.base/java.util.stream.AbstractPipeline.evaluate(AbstractPipeline.java:234)
at java.base/java.util.stream.ReferencePipeline.findFirst(ReferencePipeline.java:543)
at org.openqa.selenium.remote.ProtocolHandshake.createSession(ProtocolHandshake.java:126)
at org.openqa.selenium.remote.ProtocolHandshake.createSession(ProtocolHandshake.java:73)
at org.openqa.selenium.remote.HttpCommandExecutor.execute(HttpCommandExecutor.java:136)
at org.openqa.selenium.remote.service.DriverCommandExecutor.execute(DriverCommandExecutor.java:83)
at org.openqa.selenium.remote.RemoteWebDriver.execute(RemoteWebDriver.java:543)
at org.openqa.selenium.remote.RemoteWebDriver.startSession(RemoteWebDriver.java:207)
at org.openqa.selenium.remote.RemoteWebDriver.<init>(RemoteWebDriver.java:130)
at org.openqa.selenium.chrome.ChromeDriver.<init>(ChromeDriver.java:181)
at org.openqa.selenium.chrome.ChromeDriver.<init>(ChromeDriver.java:168)
at org.openqa.selenium.chrome.ChromeDriver.<init>(ChromeDriver.java:123)
at com.assignment.base.TestBase.initialization(TestBase.java:72)
at com.assignment.testcase.HomePageTest.setup(HomePageTest.java:37)
at java.base/jdk.internal.reflect.NativeMethodAccessorImpl.invoke0(Native Method)
at java.base/jdk.internal.reflect.NativeMethodAccessorImpl.invoke(NativeMethodAccessorImpl.java:62)
at java.base/jdk.internal.reflect.DelegatingMethodAccessorImpl.invoke(DelegatingMethodAccessorImpl.java:43)
at java.base/java.lang.reflect.Method.invoke(Method.java:564)
at org.testng.internal.MethodInvocationHelper.invokeMethod(MethodInvocationHelper.java:124)
at org.testng.internal.MethodInvocationHelper.invokeMethodConsideringTimeout(MethodInvocationHelper.java:59)
at org.testng.internal.Invoker.invokeConfigurationMethod(Invoker.java:458)
at org.testng.internal.Invoker.invokeConfigurations(Invoker.java:222)
at org.testng.internal.Invoker.invokeMethod(Invoker.java:523)
at org.testng.internal.Invoker.invokeTestMethod(Invoker.java:719)
at org.testng.internal.Invoker.invokeTestMethods(Invoker.java:989)
at org.testng.internal.TestMethodWorker.invokeTestMethods(TestMethodWorker.java:125)
at org.testng.internal.TestMethodWorker.run(TestMethodWorker.java:109)
at org.testng.TestRunner.privateRun(TestRunner.java:648)
at org.testng.TestRunner.run(TestRunner.java:505)
at org.testng.SuiteRunner.runTest(SuiteRunner.java:455)
at org.testng.SuiteRunner.runSequentially(SuiteRunner.java:450)
at org.testng.SuiteRunner.privateRun(SuiteRunner.java:415)
at org.testng.SuiteRunner.run(SuiteRunner.java:364)
at org.testng.SuiteRunnerWorker.runSuite(SuiteRunnerWorker.java:52)
at org.testng.SuiteRunnerWorker.run(SuiteRunnerWorker.java:84)
at org.testng.TestNG.runSuitesSequentially(TestNG.java:1208)
at org.testng.TestNG.runSuitesLocally(TestNG.java:1137)
at org.testng.TestNG.runSuites(TestNG.java:1049)
at org.testng.TestNG.run(TestNG.java:1017)
at org.testng.remote.AbstractRemoteTestNG.run(AbstractRemoteTestNG.java:114)
at org.testng.remote.RemoteTestNG.initAndRun(RemoteTestNG.java:251)
at org.testng.remote.RemoteTestNG.main(RemoteTestNG.java:77)
]]>
    </failure>
  </testcase> <!-- @BeforeMethod setup -->
  <testcase classname="com.assignment.testcase.HomePageTest" name="@AfterMethod tearDown" time="0.0">
    <skipped/>
  </testcase> <!-- @AfterMethod tearDown -->
  <testcase classname="com.assignment.testcase.HomePageTest" name="@BeforeMethod setup" time="0.0">
    <skipped/>
  </testcase> <!-- @BeforeMethod setup -->
  <testcase classname="com.assignment.testcase.HomePageTest" name="@AfterMethod tearDown" time="0.0">
    <skipped/>
  </testcase> <!-- @AfterMethod tearDown -->
  <testcase classname="com.assignment.testcase.HomePageTest" name="@BeforeMethod setup" time="0.0">
    <skipped/>
  </testcase> <!-- @BeforeMethod setup -->
  <testcase classname="com.assignment.testcase.HomePageTest" name="@AfterMethod tearDown" time="0.0">
    <skipped/>
  </testcase> <!-- @AfterMethod tearDown -->
  <testcase classname="com.assignment.testcase.HomePageTest" name="@BeforeMethod setup" time="0.0">
    <skipped/>
  </testcase> <!-- @BeforeMethod setup -->
  <testcase classname="com.assignment.testcase.HomePageTest" name="@AfterMethod tearDown" time="0.0">
    <skipped/>
  </testcase> <!-- @AfterMethod tearDown -->
  <testcase classname="com.assignment.testcase.HomePageTest" name="@BeforeMethod setup" time="0.0">
    <skipped/>
  </testcase> <!-- @BeforeMethod setup -->
  <testcase classname="com.assignment.testcase.HomePageTest" name="@AfterMethod tearDown" time="0.0">
    <skipped/>
  </testcase> <!-- @AfterMethod tearDown -->
  <testcase classname="com.assignment.testcase.HomePageTest" name="@BeforeMethod setup" time="0.0">
    <skipped/>
  </testcase> <!-- @BeforeMethod setup -->
  <testcase classname="com.assignment.testcase.HomePageTest" name="@AfterMethod tearDown" time="0.0">
    <skipped/>
  </testcase> <!-- @AfterMethod tearDown -->
  <testcase classname="com.assignment.testcase.HomePageTest" name="@BeforeMethod setup" time="0.0">
    <skipped/>
  </testcase> <!-- @BeforeMethod setup -->
  <testcase classname="com.assignment.testcase.HomePageTest" name="@AfterMethod tearDown" time="0.0">
    <skipped/>
  </testcase> <!-- @AfterMethod tearDown -->
  <testcase classname="com.assignment.testcase.HomePageTest" name="@BeforeMethod setup" time="0.0">
    <skipped/>
  </testcase> <!-- @BeforeMethod setup -->
  <testcase classname="com.assignment.testcase.HomePageTest" name="@AfterMethod tearDown" time="0.0">
    <skipped/>
  </testcase> <!-- @AfterMethod tearDown -->
  <testcase classname="com.assignment.testcase.HomePageTest" name="@BeforeMethod setup" time="0.0">
    <skipped/>
  </testcase> <!-- @BeforeMethod setup -->
  <testcase classname="com.assignment.testcase.HomePageTest" name="@AfterMethod tearDown" time="0.0">
    <skipped/>
  </testcase> <!-- @AfterMethod tearDown -->
  <testcase classname="com.assignment.testcase.HomePageTest" name="@BeforeMethod setup" time="0.0">
    <skipped/>
  </testcase> <!-- @BeforeMethod setup -->
  <testcase classname="com.assignment.testcase.HomePageTest" name="@AfterMethod tearDown" time="0.0">
    <skipped/>
  </testcase> <!-- @AfterMethod tearDown -->
  <testcase classname="com.assignment.testcase.HomePageTest" name="@BeforeMethod setup" time="0.0">
    <skipped/>
  </testcase> <!-- @BeforeMethod setup -->
  <testcase classname="com.assignment.testcase.HomePageTest" name="@AfterMethod tearDown" time="0.0">
    <skipped/>
  </testcase> <!-- @AfterMethod tearDown -->
  <testcase classname="com.assignment.testcase.HomePageTest" name="@BeforeMethod setup" time="0.0">
    <skipped/>
  </testcase> <!-- @BeforeMethod setup -->
  <testcase classname="com.assignment.testcase.HomePageTest" name="@AfterMethod tearDown" time="0.0">
    <skipped/>
  </testcase> <!-- @AfterMethod tearDown -->
  <testcase classname="com.assignment.testcase.HomePageTest" name="@BeforeMethod setup" time="0.0">
    <skipped/>
  </testcase> <!-- @BeforeMethod setup -->
  <testcase classname="com.assignment.testcase.HomePageTest" name="@AfterMethod tearDown" time="0.0">
    <skipped/>
  </testcase> <!-- @AfterMethod tearDown -->
  <testcase classname="com.assignment.testcase.HomePageTest" name="@BeforeMethod setup" time="0.0">
    <skipped/>
  </testcase> <!-- @BeforeMethod setup -->
  <testcase classname="com.assignment.testcase.HomePageTest" name="@AfterMethod tearDown" time="0.0">
    <skipped/>
  </testcase> <!-- @AfterMethod tearDown -->
  <testcase classname="com.assignment.testcase.HomePageTest" name="@BeforeMethod setup" time="0.0">
    <skipped/>
  </testcase> <!-- @BeforeMethod setup -->
  <testcase classname="com.assignment.testcase.HomePageTest" name="@AfterMethod tearDown" time="0.0">
    <skipped/>
  </testcase> <!-- @AfterMethod tearDown -->
  <testcase classname="com.assignment.testcase.HomePageTest" name="@BeforeMethod setup" time="0.0">
    <skipped/>
  </testcase> <!-- @BeforeMethod setup -->
  <testcase classname="com.assignment.testcase.HomePageTest" name="@AfterMethod tearDown" time="0.0">
    <skipped/>
  </testcase> <!-- @AfterMethod tearDown -->
  <testcase classname="com.assignment.testcase.HomePageTest" name="@BeforeMethod setup" time="0.0">
    <skipped/>
  </testcase> <!-- @BeforeMethod setup -->
  <testcase classname="com.assignment.testcase.HomePageTest" name="@AfterMethod tearDown" time="0.0">
    <skipped/>
  </testcase> <!-- @AfterMethod tearDown -->
  <testcase classname="com.assignment.testcase.HomePageTest" name="@BeforeMethod setup" time="0.0">
    <skipped/>
  </testcase> <!-- @BeforeMethod setup -->
  <testcase classname="com.assignment.testcase.HomePageTest" name="@AfterMethod tearDown" time="0.0">
    <skipped/>
  </testcase> <!-- @AfterMethod tearDown -->
  <testcase classname="com.assignment.testcase.HomePageTest" name="@BeforeMethod setup" time="0.0">
    <skipped/>
  </testcase> <!-- @BeforeMethod setup -->
  <testcase classname="com.assignment.testcase.HomePageTest" name="@AfterMethod tearDown" time="0.0">
    <skipped/>
  </testcase> <!-- @AfterMethod tearDown -->
  <testcase classname="com.assignment.testcase.HomePageTest" name="@BeforeMethod setup" time="0.0">
    <skipped/>
  </testcase> <!-- @BeforeMethod setup -->
  <testcase classname="com.assignment.testcase.HomePageTest" name="@AfterMethod tearDown" time="0.0">
    <skipped/>
  </testcase> <!-- @AfterMethod tearDown -->
  <testcase classname="com.assignment.testcase.HomePageTest" name="@BeforeMethod setup" time="0.0">
    <skipped/>
  </testcase> <!-- @BeforeMethod setup -->
  <testcase classname="com.assignment.testcase.HomePageTest" name="@AfterMethod tearDown" time="0.0">
    <skipped/>
  </testcase> <!-- @AfterMethod tearDown -->
  <testcase classname="com.assignment.testcase.HomePageTest" name="@BeforeMethod setup" time="0.0">
    <skipped/>
  </testcase> <!-- @BeforeMethod setup -->
  <testcase classname="com.assignment.testcase.HomePageTest" name="@AfterMethod tearDown" time="0.0">
    <skipped/>
  </testcase> <!-- @AfterMethod tearDown -->
  <testcase classname="com.assignment.testcase.HomePageTest" name="@BeforeMethod setup" time="0.0">
    <skipped/>
  </testcase> <!-- @BeforeMethod setup -->
  <testcase classname="com.assignment.testcase.HomePageTest" name="@AfterMethod tearDown" time="0.0">
    <skipped/>
  </testcase> <!-- @AfterMethod tearDown -->
  <testcase classname="com.assignment.testcase.HomePageTest" name="@BeforeMethod setup" time="0.0">
    <skipped/>
  </testcase> <!-- @BeforeMethod setup -->
  <testcase classname="com.assignment.testcase.HomePageTest" name="@AfterMethod tearDown" time="0.0">
    <skipped/>
  </testcase> <!-- @AfterMethod tearDown -->
  <testcase classname="com.assignment.testcase.HomePageTest" name="@BeforeMethod setup" time="0.0">
    <skipped/>
  </testcase> <!-- @BeforeMethod setup -->
  <testcase classname="com.assignment.testcase.HomePageTest" name="@AfterMethod tearDown" time="0.0">
    <skipped/>
  </testcase> <!-- @AfterMethod tearDown -->
  <testcase classname="com.assignment.testcase.HomePageTest" name="@BeforeMethod setup" time="0.0">
    <skipped/>
  </testcase> <!-- @BeforeMethod setup -->
  <testcase classname="com.assignment.testcase.HomePageTest" name="@AfterMethod tearDown" time="0.0">
    <skipped/>
  </testcase> <!-- @AfterMethod tearDown -->
  <testcase classname="com.assignment.testcase.HomePageTest" name="@BeforeMethod setup" time="0.0">
    <skipped/>
  </testcase> <!-- @BeforeMethod setup -->
  <testcase classname="com.assignment.testcase.HomePageTest" name="@AfterMethod tearDown" time="0.0">
    <skipped/>
  </testcase> <!-- @AfterMethod tearDown -->
  <testcase classname="com.assignment.testcase.HomePageTest" name="@BeforeMethod setup" time="0.0">
    <skipped/>
  </testcase> <!-- @BeforeMethod setup -->
  <testcase classname="com.assignment.testcase.HomePageTest" name="@AfterMethod tearDown" time="0.0">
    <skipped/>
  </testcase> <!-- @AfterMethod tearDown -->
  <testcase classname="com.assignment.testcase.HomePageTest" name="@BeforeMethod setup" time="0.0">
    <skipped/>
  </testcase> <!-- @BeforeMethod setup -->
  <testcase classname="com.assignment.testcase.HomePageTest" name="@AfterMethod tearDown" time="0.0">
    <skipped/>
  </testcase> <!-- @AfterMethod tearDown -->
  <testcase classname="com.assignment.testcase.HomePageTest" name="@BeforeMethod setup" time="0.0">
    <skipped/>
  </testcase> <!-- @BeforeMethod setup -->
  <testcase classname="com.assignment.testcase.HomePageTest" name="@AfterMethod tearDown" time="0.0">
    <skipped/>
  </testcase> <!-- @AfterMethod tearDown -->
  <testcase classname="com.assignment.testcase.HomePageTest" name="@BeforeMethod setup" time="0.0">
    <skipped/>
  </testcase> <!-- @BeforeMethod setup -->
  <testcase classname="com.assignment.testcase.HomePageTest" name="@AfterMethod tearDown" time="0.0">
    <skipped/>
  </testcase> <!-- @AfterMethod tearDown -->
  <testcase classname="com.assignment.testcase.HomePageTest" name="@BeforeMethod setup" time="0.0">
    <skipped/>
  </testcase> <!-- @BeforeMethod setup -->
  <testcase classname="com.assignment.testcase.HomePageTest" name="@AfterMethod tearDown" time="0.0">
    <skipped/>
  </testcase> <!-- @AfterMethod tearDown -->
  <testcase classname="com.assignment.testcase.HomePageTest" name="@BeforeMethod setup" time="0.0">
    <skipped/>
  </testcase> <!-- @BeforeMethod setup -->
  <testcase classname="com.assignment.testcase.HomePageTest" name="@AfterMethod tearDown" time="0.0">
    <skipped/>
  </testcase> <!-- @AfterMethod tearDown -->
  <testcase classname="com.assignment.testcase.HomePageTest" name="@BeforeMethod setup" time="0.0">
    <skipped/>
  </testcase> <!-- @BeforeMethod setup -->
  <testcase classname="com.assignment.testcase.HomePageTest" name="@AfterMethod tearDown" time="0.0">
    <skipped/>
  </testcase> <!-- @AfterMethod tearDown -->
  <testcase classname="com.assignment.testcase.HomePageTest" name="@BeforeMethod setup" time="0.0">
    <skipped/>
  </testcase> <!-- @BeforeMethod setup -->
  <testcase classname="com.assignment.testcase.HomePageTest" name="@AfterMethod tearDown" time="0.0">
    <skipped/>
  </testcase> <!-- @AfterMethod tearDown -->
  <testcase classname="com.assignment.testcase.HomePageTest" name="@BeforeMethod setup" time="0.0">
    <skipped/>
  </testcase> <!-- @BeforeMethod setup -->
  <testcase classname="com.assignment.testcase.HomePageTest" name="@AfterMethod tearDown" time="0.0">
    <skipped/>
  </testcase> <!-- @AfterMethod tearDown -->
  <testcase classname="com.assignment.testcase.HomePageTest" name="@BeforeMethod setup" time="0.0">
    <skipped/>
  </testcase> <!-- @BeforeMethod setup -->
  <testcase classname="com.assignment.testcase.HomePageTest" name="@AfterMethod tearDown" time="0.0">
    <skipped/>
  </testcase> <!-- @AfterMethod tearDown -->
  <testcase classname="com.assignment.testcase.HomePageTest" name="@BeforeMethod setup" time="0.0">
    <skipped/>
  </testcase> <!-- @BeforeMethod setup -->
  <testcase classname="com.assignment.testcase.HomePageTest" name="@AfterMethod tearDown" time="0.0">
    <skipped/>
  </testcase> <!-- @AfterMethod tearDown -->
  <testcase classname="com.assignment.testcase.HomePageTest" name="@BeforeMethod setup" time="0.0">
    <skipped/>
  </testcase> <!-- @BeforeMethod setup -->
  <testcase classname="com.assignment.testcase.HomePageTest" name="@AfterMethod tearDown" time="0.0">
    <skipped/>
  </testcase> <!-- @AfterMethod tearDown -->
  <testcase classname="com.assignment.testcase.HomePageTest" name="@BeforeMethod setup" time="0.0">
    <skipped/>
  </testcase> <!-- @BeforeMethod setup -->
  <testcase classname="com.assignment.testcase.HomePageTest" name="@AfterMethod tearDown" time="0.0">
    <skipped/>
  </testcase> <!-- @AfterMethod tearDown -->
  <testcase classname="com.assignment.testcase.HomePageTest" name="@BeforeMethod setup" time="0.0">
    <skipped/>
  </testcase> <!-- @BeforeMethod setup -->
  <testcase classname="com.assignment.testcase.HomePageTest" name="@AfterMethod tearDown" time="0.0">
    <skipped/>
  </testcase> <!-- @AfterMethod tearDown -->
  <testcase classname="com.assignment.testcase.HomePageTest" name="@BeforeMethod setup" time="0.0">
    <skipped/>
  </testcase> <!-- @BeforeMethod setup -->
  <testcase classname="com.assignment.testcase.HomePageTest" name="@AfterMethod tearDown" time="0.0">
    <skipped/>
  </testcase> <!-- @AfterMethod tearDown -->
  <testcase classname="com.assignment.testcase.HomePageTest" name="@BeforeMethod setup" time="0.0">
    <skipped/>
  </testcase> <!-- @BeforeMethod setup -->
  <testcase classname="com.assignment.testcase.HomePageTest" name="@AfterMethod tearDown" time="0.0">
    <skipped/>
  </testcase> <!-- @AfterMethod tearDown -->
  <testcase classname="com.assignment.testcase.HomePageTest" name="@BeforeMethod setup" time="0.0">
    <skipped/>
  </testcase> <!-- @BeforeMethod setup -->
  <testcase classname="com.assignment.testcase.HomePageTest" name="@AfterMethod tearDown" time="0.0">
    <skipped/>
  </testcase> <!-- @AfterMethod tearDown -->
  <testcase classname="com.assignment.testcase.HomePageTest" name="@BeforeMethod setup" time="0.0">
    <skipped/>
  </testcase> <!-- @BeforeMethod setup -->
  <testcase classname="com.assignment.testcase.HomePageTest" name="@AfterMethod tearDown" time="0.0">
    <skipped/>
  </testcase> <!-- @AfterMethod tearDown -->
  <testcase classname="com.assignment.testcase.HomePageTest" name="@BeforeMethod setup" time="0.0">
    <skipped/>
  </testcase> <!-- @BeforeMethod setup -->
  <testcase classname="com.assignment.testcase.HomePageTest" name="@AfterMethod tearDown" time="0.0">
    <skipped/>
  </testcase> <!-- @AfterMethod tearDown -->
  <testcase classname="com.assignment.testcase.HomePageTest" name="@BeforeMethod setup" time="0.0">
    <skipped/>
  </testcase> <!-- @BeforeMethod setup -->
  <testcase classname="com.assignment.testcase.HomePageTest" name="@AfterMethod tearDown" time="0.0">
    <skipped/>
  </testcase> <!-- @AfterMethod tearDown -->
  <testcase classname="com.assignment.testcase.HomePageTest" name="@BeforeMethod setup" time="0.0">
    <skipped/>
  </testcase> <!-- @BeforeMethod setup -->
  <testcase classname="com.assignment.testcase.HomePageTest" name="@AfterMethod tearDown" time="0.0">
    <skipped/>
  </testcase> <!-- @AfterMethod tearDown -->
  <testcase classname="com.assignment.testcase.HomePageTest" name="@BeforeMethod setup" time="0.0">
    <skipped/>
  </testcase> <!-- @BeforeMethod setup -->
  <testcase classname="com.assignment.testcase.HomePageTest" name="@AfterMethod tearDown" time="0.0">
    <skipped/>
  </testcase> <!-- @AfterMethod tearDown -->
  <testcase classname="com.assignment.testcase.HomePageTest" name="@BeforeMethod setup" time="0.0">
    <skipped/>
  </testcase> <!-- @BeforeMethod setup -->
  <testcase classname="com.assignment.testcase.HomePageTest" name="@AfterMethod tearDown" time="0.0">
    <skipped/>
  </testcase> <!-- @AfterMethod tearDown -->
  <testcase classname="com.assignment.testcase.HomePageTest" name="@BeforeMethod setup" time="0.0">
    <skipped/>
  </testcase> <!-- @BeforeMethod setup -->
  <testcase classname="com.assignment.testcase.HomePageTest" name="@AfterMethod tearDown" time="0.0">
    <skipped/>
  </testcase> <!-- @AfterMethod tearDown -->
  <testcase classname="com.assignment.testcase.HomePageTest" name="@BeforeMethod setup" time="0.0">
    <skipped/>
  </testcase> <!-- @BeforeMethod setup -->
  <testcase classname="com.assignment.testcase.HomePageTest" name="@AfterMethod tearDown" time="0.0">
    <skipped/>
  </testcase> <!-- @AfterMethod tearDown -->
  <testcase classname="com.assignment.testcase.HomePageTest" name="@BeforeMethod setup" time="0.0">
    <skipped/>
  </testcase> <!-- @BeforeMethod setup -->
  <testcase classname="com.assignment.testcase.HomePageTest" name="@AfterMethod tearDown" time="0.0">
    <skipped/>
  </testcase> <!-- @AfterMethod tearDown -->
  <testcase classname="com.assignment.testcase.HomePageTest" name="@BeforeMethod setup" time="0.0">
    <skipped/>
  </testcase> <!-- @BeforeMethod setup -->
  <testcase classname="com.assignment.testcase.HomePageTest" name="@AfterMethod tearDown" time="0.0">
    <skipped/>
  </testcase> <!-- @AfterMethod tearDown -->
  <testcase classname="com.assignment.testcase.HomePageTest" name="@BeforeMethod setup" time="0.0">
    <skipped/>
  </testcase> <!-- @BeforeMethod setup -->
  <testcase classname="com.assignment.testcase.HomePageTest" name="@AfterMethod tearDown" time="0.0">
    <skipped/>
  </testcase> <!-- @AfterMethod tearDown -->
  <testcase classname="com.assignment.testcase.HomePageTest" name="@BeforeMethod setup" time="0.0">
    <skipped/>
  </testcase> <!-- @BeforeMethod setup -->
  <testcase classname="com.assignment.testcase.HomePageTest" name="@AfterMethod tearDown" time="0.0">
    <skipped/>
  </testcase> <!-- @AfterMethod tearDown -->
  <testcase classname="com.assignment.testcase.HomePageTest" name="@BeforeMethod setup" time="0.0">
    <skipped/>
  </testcase> <!-- @BeforeMethod setup -->
  <testcase classname="com.assignment.testcase.HomePageTest" name="@AfterMethod tearDown" time="0.0">
    <skipped/>
  </testcase> <!-- @AfterMethod tearDown -->
  <testcase classname="com.assignment.testcase.HomePageTest" name="@BeforeMethod setup" time="0.0">
    <skipped/>
  </testcase> <!-- @BeforeMethod setup -->
  <testcase classname="com.assignment.testcase.HomePageTest" name="@AfterMethod tearDown" time="0.0">
    <skipped/>
  </testcase> <!-- @AfterMethod tearDown -->
  <testcase classname="com.assignment.testcase.HomePageTest" name="@BeforeMethod setup" time="0.0">
    <skipped/>
  </testcase> <!-- @BeforeMethod setup -->
  <testcase classname="com.assignment.testcase.HomePageTest" name="@AfterMethod tearDown" time="0.0">
    <skipped/>
  </testcase> <!-- @AfterMethod tearDown -->
  <testcase classname="com.assignment.testcase.HomePageTest" name="@BeforeMethod setup" time="0.0">
    <skipped/>
  </testcase> <!-- @BeforeMethod setup -->
  <testcase classname="com.assignment.testcase.HomePageTest" name="@AfterMethod tearDown" time="0.0">
    <skipped/>
  </testcase> <!-- @AfterMethod tearDown -->
  <testcase classname="com.assignment.testcase.HomePageTest" name="@BeforeMethod setup" time="0.0">
    <skipped/>
  </testcase> <!-- @BeforeMethod setup -->
  <testcase classname="com.assignment.testcase.HomePageTest" name="@AfterMethod tearDown" time="0.0">
    <skipped/>
  </testcase> <!-- @AfterMethod tearDown -->
  <testcase classname="com.assignment.testcase.HomePageTest" name="@BeforeMethod setup" time="0.0">
    <skipped/>
  </testcase> <!-- @BeforeMethod setup -->
  <testcase classname="com.assignment.testcase.HomePageTest" name="@AfterMethod tearDown" time="0.0">
    <skipped/>
  </testcase> <!-- @AfterMethod tearDown -->
  <testcase classname="com.assignment.testcase.HomePageTest" name="@BeforeMethod setup" time="0.0">
    <skipped/>
  </testcase> <!-- @BeforeMethod setup -->
  <testcase classname="com.assignment.testcase.HomePageTest" name="@AfterMethod tearDown" time="0.0">
    <skipped/>
  </testcase> <!-- @AfterMethod tearDown -->
  <testcase classname="com.assignment.testcase.HomePageTest" name="@BeforeMethod setup" time="0.0">
    <skipped/>
  </testcase> <!-- @BeforeMethod setup -->
  <testcase classname="com.assignment.testcase.HomePageTest" name="@AfterMethod tearDown" time="0.0">
    <skipped/>
  </testcase> <!-- @AfterMethod tearDown -->
  <testcase classname="com.assignment.testcase.HomePageTest" name="@BeforeMethod setup" time="0.0">
    <skipped/>
  </testcase> <!-- @BeforeMethod setup -->
  <testcase classname="com.assignment.testcase.HomePageTest" name="@AfterMethod tearDown" time="0.0">
    <skipped/>
  </testcase> <!-- @AfterMethod tearDown -->
  <testcase classname="com.assignment.testcase.HomePageTest" name="@BeforeMethod setup" time="0.0">
    <skipped/>
  </testcase> <!-- @BeforeMethod setup -->
  <testcase classname="com.assignment.testcase.HomePageTest" name="@AfterMethod tearDown" time="0.0">
    <skipped/>
  </testcase> <!-- @AfterMethod tearDown -->
  <testcase classname="com.assignment.testcase.HomePageTest" name="@BeforeMethod setup" time="0.0">
    <skipped/>
  </testcase> <!-- @BeforeMethod setup -->
  <testcase classname="com.assignment.testcase.HomePageTest" name="@AfterMethod tearDown" time="0.0">
    <skipped/>
  </testcase> <!-- @AfterMethod tearDown -->
  <testcase classname="com.assignment.testcase.HomePageTest" name="@BeforeMethod setup" time="0.0">
    <skipped/>
  </testcase> <!-- @BeforeMethod setup -->
  <testcase classname="com.assignment.testcase.HomePageTest" name="@AfterMethod tearDown" time="0.0">
    <skipped/>
  </testcase> <!-- @AfterMethod tearDown -->
  <testcase classname="com.assignment.testcase.HomePageTest" name="@BeforeMethod setup" time="0.0">
    <skipped/>
  </testcase> <!-- @BeforeMethod setup -->
  <testcase classname="com.assignment.testcase.HomePageTest" name="@AfterMethod tearDown" time="0.0">
    <skipped/>
  </testcase> <!-- @AfterMethod tearDown -->
  <testcase classname="com.assignment.testcase.HomePageTest" name="@BeforeMethod setup" time="0.0">
    <skipped/>
  </testcase> <!-- @BeforeMethod setup -->
  <testcase classname="com.assignment.testcase.HomePageTest" name="@AfterMethod tearDown" time="0.0">
    <skipped/>
  </testcase> <!-- @AfterMethod tearDown -->
  <testcase classname="com.assignment.testcase.HomePageTest" name="@BeforeMethod setup" time="0.0">
    <skipped/>
  </testcase> <!-- @BeforeMethod setup -->
  <testcase classname="com.assignment.testcase.HomePageTest" name="@AfterMethod tearDown" time="0.0">
    <skipped/>
  </testcase> <!-- @AfterMethod tearDown -->
  <testcase classname="com.assignment.testcase.HomePageTest" name="@BeforeMethod setup" time="0.0">
    <skipped/>
  </testcase> <!-- @BeforeMethod setup -->
  <testcase classname="com.assignment.testcase.HomePageTest" name="@AfterMethod tearDown" time="0.0">
    <skipped/>
  </testcase> <!-- @AfterMethod tearDown -->
  <testcase classname="com.assignment.testcase.HomePageTest" name="@BeforeMethod setup" time="0.0">
    <skipped/>
  </testcase> <!-- @BeforeMethod setup -->
  <testcase classname="com.assignment.testcase.HomePageTest" name="@AfterMethod tearDown" time="0.0">
    <skipped/>
  </testcase> <!-- @AfterMethod tearDown -->
  <testcase classname="com.assignment.testcase.HomePageTest" name="@BeforeMethod setup" time="0.0">
    <skipped/>
  </testcase> <!-- @BeforeMethod setup -->
  <testcase classname="com.assignment.testcase.HomePageTest" name="@AfterMethod tearDown" time="0.0">
    <skipped/>
  </testcase> <!-- @AfterMethod tearDown -->
  <testcase classname="com.assignment.testcase.HomePageTest" name="@BeforeMethod setup" time="0.0">
    <skipped/>
  </testcase> <!-- @BeforeMethod setup -->
  <testcase classname="com.assignment.testcase.HomePageTest" name="@AfterMethod tearDown" time="0.0">
    <skipped/>
  </testcase> <!-- @AfterMethod tearDown -->
  <testcase classname="com.assignment.testcase.HomePageTest" name="@BeforeMethod setup" time="0.0">
    <skipped/>
  </testcase> <!-- @BeforeMethod setup -->
  <testcase classname="com.assignment.testcase.HomePageTest" name="@AfterMethod tearDown" time="0.0">
    <skipped/>
  </testcase> <!-- @AfterMethod tearDown -->
  <testcase classname="com.assignment.testcase.HomePageTest" name="@BeforeMethod setup" time="0.0">
    <skipped/>
  </testcase> <!-- @BeforeMethod setup -->
  <testcase classname="com.assignment.testcase.HomePageTest" name="@AfterMethod tearDown" time="0.0">
    <skipped/>
  </testcase> <!-- @AfterMethod tearDown -->
  <testcase classname="com.assignment.testcase.HomePageTest" name="@BeforeMethod setup" time="0.0">
    <skipped/>
  </testcase> <!-- @BeforeMethod setup -->
  <testcase classname="com.assignment.testcase.HomePageTest" name="@AfterMethod tearDown" time="0.0">
    <skipped/>
  </testcase> <!-- @AfterMethod tearDown -->
  <testcase classname="com.assignment.testcase.HomePageTest" name="@BeforeMethod setup" time="0.0">
    <skipped/>
  </testcase> <!-- @BeforeMethod setup -->
  <testcase classname="com.assignment.testcase.HomePageTest" name="@AfterMethod tearDown" time="0.0">
    <skipped/>
  </testcase> <!-- @AfterMethod tearDown -->
  <testcase classname="com.assignment.testcase.HomePageTest" name="@BeforeMethod setup" time="0.0">
    <skipped/>
  </testcase> <!-- @BeforeMethod setup -->
  <testcase classname="com.assignment.testcase.HomePageTest" name="@AfterMethod tearDown" time="0.0">
    <skipped/>
  </testcase> <!-- @AfterMethod tearDown -->
  <testcase classname="com.assignment.testcase.HomePageTest" name="@BeforeMethod setup" time="0.0">
    <skipped/>
  </testcase> <!-- @BeforeMethod setup -->
  <testcase classname="com.assignment.testcase.HomePageTest" name="@AfterMethod tearDown" time="0.0">
    <skipped/>
  </testcase> <!-- @AfterMethod tearDown -->
  <testcase classname="com.assignment.testcase.HomePageTest" name="@BeforeMethod setup" time="0.0">
    <skipped/>
  </testcase> <!-- @BeforeMethod setup -->
  <testcase classname="com.assignment.testcase.HomePageTest" name="@AfterMethod tearDown" time="0.0">
    <skipped/>
  </testcase> <!-- @AfterMethod tearDown -->
  <testcase classname="com.assignment.testcase.HomePageTest" name="@BeforeMethod setup" time="0.0">
    <skipped/>
  </testcase> <!-- @BeforeMethod setup -->
  <testcase classname="com.assignment.testcase.HomePageTest" name="@AfterMethod tearDown" time="0.0">
    <skipped/>
  </testcase> <!-- @AfterMethod tearDown -->
  <testcase classname="com.assignment.testcase.HomePageTest" name="@BeforeMethod setup" time="0.0">
    <skipped/>
  </testcase> <!-- @BeforeMethod setup -->
  <testcase classname="com.assignment.testcase.HomePageTest" name="@AfterMethod tearDown" time="0.0">
    <skipped/>
  </testcase> <!-- @AfterMethod tearDown -->
  <testcase classname="com.assignment.testcase.HomePageTest" name="@BeforeMethod setup" time="0.0">
    <skipped/>
  </testcase> <!-- @BeforeMethod setup -->
  <testcase classname="com.assignment.testcase.HomePageTest" name="@AfterMethod tearDown" time="0.0">
    <skipped/>
  </testcase> <!-- @AfterMethod tearDown -->
  <testcase classname="com.assignment.testcase.HomePageTest" name="@BeforeMethod setup" time="0.0">
    <skipped/>
  </testcase> <!-- @BeforeMethod setup -->
  <testcase classname="com.assignment.testcase.HomePageTest" name="@AfterMethod tearDown" time="0.0">
    <skipped/>
  </testcase> <!-- @AfterMethod tearDown -->
  <testcase classname="com.assignment.testcase.HomePageTest" name="@BeforeMethod setup" time="0.0">
    <skipped/>
  </testcase> <!-- @BeforeMethod setup -->
  <testcase classname="com.assignment.testcase.HomePageTest" name="@AfterMethod tearDown" time="0.0">
    <skipped/>
  </testcase> <!-- @AfterMethod tearDown -->
  <testcase classname="com.assignment.testcase.HomePageTest" name="@BeforeMethod setup" time="0.0">
    <skipped/>
  </testcase> <!-- @BeforeMethod setup -->
  <testcase classname="com.assignment.testcase.HomePageTest" name="@AfterMethod tearDown" time="0.0">
    <skipped/>
  </testcase> <!-- @AfterMethod tearDown -->
  <testcase classname="com.assignment.testcase.HomePageTest" name="@BeforeMethod setup" time="0.0">
    <skipped/>
  </testcase> <!-- @BeforeMethod setup -->
  <testcase classname="com.assignment.testcase.HomePageTest" name="@AfterMethod tearDown" time="0.0">
    <skipped/>
  </testcase> <!-- @AfterMethod tearDown -->
  <testcase classname="com.assignment.testcase.HomePageTest" name="@BeforeMethod setup" time="0.0">
    <skipped/>
  </testcase> <!-- @BeforeMethod setup -->
  <testcase classname="com.assignment.testcase.HomePageTest" name="@AfterMethod tearDown" time="0.0">
    <skipped/>
  </testcase> <!-- @AfterMethod tearDown -->
  <testcase classname="com.assignment.testcase.HomePageTest" name="@BeforeMethod setup" time="0.0">
    <skipped/>
  </testcase> <!-- @BeforeMethod setup -->
  <testcase classname="com.assignment.testcase.HomePageTest" name="@AfterMethod tearDown" time="0.0">
    <skipped/>
  </testcase> <!-- @AfterMethod tearDown -->
  <testcase classname="com.assignment.testcase.HomePageTest" name="@BeforeMethod setup" time="0.0">
    <skipped/>
  </testcase> <!-- @BeforeMethod setup -->
  <testcase classname="com.assignment.testcase.HomePageTest" name="@AfterMethod tearDown" time="0.0">
    <skipped/>
  </testcase> <!-- @AfterMethod tearDown -->
  <testcase classname="com.assignment.testcase.HomePageTest" name="@BeforeMethod setup" time="0.0">
    <skipped/>
  </testcase> <!-- @BeforeMethod setup -->
  <testcase classname="com.assignment.testcase.HomePageTest" name="@AfterMethod tearDown" time="0.0">
    <skipped/>
  </testcase> <!-- @AfterMethod tearDown -->
  <testcase classname="com.assignment.testcase.HomePageTest" name="@BeforeMethod setup" time="0.0">
    <skipped/>
  </testcase> <!-- @BeforeMethod setup -->
  <testcase classname="com.assignment.testcase.HomePageTest" name="@AfterMethod tearDown" time="0.0">
    <skipped/>
  </testcase> <!-- @AfterMethod tearDown -->
  <testcase classname="com.assignment.testcase.HomePageTest" name="@BeforeMethod setup" time="0.0">
    <skipped/>
  </testcase> <!-- @BeforeMethod setup -->
  <testcase classname="com.assignment.testcase.HomePageTest" name="@AfterMethod tearDown" time="0.0">
    <skipped/>
  </testcase> <!-- @AfterMethod tearDown -->
  <testcase classname="com.assignment.testcase.HomePageTest" name="@BeforeMethod setup" time="0.0">
    <skipped/>
  </testcase> <!-- @BeforeMethod setup -->
  <testcase classname="com.assignment.testcase.HomePageTest" name="@AfterMethod tearDown" time="0.0">
    <skipped/>
  </testcase> <!-- @AfterMethod tearDown -->
  <testcase classname="com.assignment.testcase.HomePageTest" name="@BeforeMethod setup" time="0.0">
    <skipped/>
  </testcase> <!-- @BeforeMethod setup -->
  <testcase classname="com.assignment.testcase.HomePageTest" name="@AfterMethod tearDown" time="0.0">
    <skipped/>
  </testcase> <!-- @AfterMethod tearDown -->
  <testcase classname="com.assignment.testcase.HomePageTest" name="@BeforeMethod setup" time="0.0">
    <skipped/>
  </testcase> <!-- @BeforeMethod setup -->
  <testcase classname="com.assignment.testcase.HomePageTest" name="@AfterMethod tearDown" time="0.0">
    <skipped/>
  </testcase> <!-- @AfterMethod tearDown -->
  <testcase classname="com.assignment.testcase.HomePageTest" name="@BeforeMethod setup" time="0.0">
    <skipped/>
  </testcase> <!-- @BeforeMethod setup -->
  <testcase classname="com.assignment.testcase.HomePageTest" name="@AfterMethod tearDown" time="0.0">
    <skipped/>
  </testcase> <!-- @AfterMethod tearDown -->
  <testcase classname="com.assignment.testcase.HomePageTest" name="@BeforeMethod setup" time="0.0">
    <skipped/>
  </testcase> <!-- @BeforeMethod setup -->
  <testcase classname="com.assignment.testcase.HomePageTest" name="@AfterMethod tearDown" time="0.0">
    <skipped/>
  </testcase> <!-- @AfterMethod tearDown -->
  <testcase classname="com.assignment.testcase.HomePageTest" name="@BeforeMethod setup" time="0.0">
    <skipped/>
  </testcase> <!-- @BeforeMethod setup -->
  <testcase classname="com.assignment.testcase.HomePageTest" name="@AfterMethod tearDown" time="0.0">
    <skipped/>
  </testcase> <!-- @AfterMethod tearDown -->
  <testcase classname="com.assignment.testcase.HomePageTest" name="@BeforeMethod setup" time="0.0">
    <skipped/>
  </testcase> <!-- @BeforeMethod setup -->
  <testcase classname="com.assignment.testcase.HomePageTest" name="@AfterMethod tearDown" time="0.0">
    <skipped/>
  </testcase> <!-- @AfterMethod tearDown -->
  <testcase classname="com.assignment.testcase.HomePageTest" name="@BeforeMethod setup" time="0.0">
    <skipped/>
  </testcase> <!-- @BeforeMethod setup -->
  <testcase classname="com.assignment.testcase.HomePageTest" name="@AfterMethod tearDown" time="0.0">
    <skipped/>
  </testcase> <!-- @AfterMethod tearDown -->
  <testcase classname="com.assignment.testcase.HomePageTest" name="@BeforeMethod setup" time="0.0">
    <skipped/>
  </testcase> <!-- @BeforeMethod setup -->
  <testcase classname="com.assignment.testcase.HomePageTest" name="@AfterMethod tearDown" time="0.0">
    <skipped/>
  </testcase> <!-- @AfterMethod tearDown -->
  <testcase classname="com.assignment.testcase.HomePageTest" name="@BeforeMethod setup" time="0.0">
    <skipped/>
  </testcase> <!-- @BeforeMethod setup -->
  <testcase classname="com.assignment.testcase.HomePageTest" name="@AfterMethod tearDown" time="0.0">
    <skipped/>
  </testcase> <!-- @AfterMethod tearDown -->
  <testcase classname="com.assignment.testcase.HomePageTest" name="@BeforeMethod setup" time="0.0">
    <skipped/>
  </testcase> <!-- @BeforeMethod setup -->
  <testcase classname="com.assignment.testcase.HomePageTest" name="@AfterMethod tearDown" time="0.0">
    <skipped/>
  </testcase> <!-- @AfterMethod tearDown -->
  <testcase classname="com.assignment.testcase.HomePageTest" name="@BeforeMethod setup" time="0.0">
    <skipped/>
  </testcase> <!-- @BeforeMethod setup -->
  <testcase classname="com.assignment.testcase.HomePageTest" name="@AfterMethod tearDown" time="0.0">
    <skipped/>
  </testcase> <!-- @AfterMethod tearDown -->
  <testcase classname="com.assignment.testcase.HomePageTest" name="@BeforeMethod setup" time="0.0">
    <skipped/>
  </testcase> <!-- @BeforeMethod setup -->
  <testcase classname="com.assignment.testcase.HomePageTest" name="@AfterMethod tearDown" time="0.0">
    <skipped/>
  </testcase> <!-- @AfterMethod tearDown -->
  <testcase classname="com.assignment.testcase.HomePageTest" name="@BeforeMethod setup" time="0.0">
    <skipped/>
  </testcase> <!-- @BeforeMethod setup -->
  <testcase classname="com.assignment.testcase.HomePageTest" name="@AfterMethod tearDown" time="0.0">
    <skipped/>
  </testcase> <!-- @AfterMethod tearDown -->
  <testcase classname="com.assignment.testcase.HomePageTest" name="@BeforeMethod setup" time="0.0">
    <skipped/>
  </testcase> <!-- @BeforeMethod setup -->
  <testcase classname="com.assignment.testcase.HomePageTest" name="@AfterMethod tearDown" time="0.0">
    <skipped/>
  </testcase> <!-- @AfterMethod tearDown -->
  <testcase classname="com.assignment.testcase.HomePageTest" name="@BeforeMethod setup" time="0.0">
    <skipped/>
  </testcase> <!-- @BeforeMethod setup -->
  <testcase classname="com.assignment.testcase.HomePageTest" name="@AfterMethod tearDown" time="0.0">
    <skipped/>
  </testcase> <!-- @AfterMethod tearDown -->
  <testcase classname="com.assignment.testcase.HomePageTest" name="@BeforeMethod setup" time="0.0">
    <skipped/>
  </testcase> <!-- @BeforeMethod setup -->
  <testcase classname="com.assignment.testcase.HomePageTest" name="@AfterMethod tearDown" time="0.0">
    <skipped/>
  </testcase> <!-- @AfterMethod tearDown -->
  <testcase classname="com.assignment.testcase.HomePageTest" name="@BeforeMethod setup" time="0.0">
    <skipped/>
  </testcase> <!-- @BeforeMethod setup -->
  <testcase classname="com.assignment.testcase.HomePageTest" name="@AfterMethod tearDown" time="0.0">
    <skipped/>
  </testcase> <!-- @AfterMethod tearDown -->
  <testcase classname="com.assignment.testcase.HomePageTest" name="@BeforeMethod setup" time="0.0">
    <skipped/>
  </testcase> <!-- @BeforeMethod setup -->
  <testcase classname="com.assignment.testcase.HomePageTest" name="@AfterMethod tearDown" time="0.0">
    <skipped/>
  </testcase> <!-- @AfterMethod tearDown -->
  <testcase classname="com.assignment.testcase.HomePageTest" name="@BeforeMethod setup" time="0.0">
    <skipped/>
  </testcase> <!-- @BeforeMethod setup -->
  <testcase classname="com.assignment.testcase.HomePageTest" name="@AfterMethod tearDown" time="0.0">
    <skipped/>
  </testcase> <!-- @AfterMethod tearDown -->
  <testcase classname="com.assignment.testcase.HomePageTest" name="@BeforeMethod setup" time="0.0">
    <skipped/>
  </testcase> <!-- @BeforeMethod setup -->
  <testcase classname="com.assignment.testcase.HomePageTest" name="@AfterMethod tearDown" time="0.0">
    <skipped/>
  </testcase> <!-- @AfterMethod tearDown -->
  <testcase classname="com.assignment.testcase.HomePageTest" name="@BeforeMethod setup" time="0.0">
    <skipped/>
  </testcase> <!-- @BeforeMethod setup -->
  <testcase classname="com.assignment.testcase.HomePageTest" name="@AfterMethod tearDown" time="0.0">
    <skipped/>
  </testcase> <!-- @AfterMethod tearDown -->
  <testcase classname="com.assignment.testcase.HomePageTest" name="@BeforeMethod setup" time="0.0">
    <skipped/>
  </testcase> <!-- @BeforeMethod setup -->
  <testcase classname="com.assignment.testcase.HomePageTest" name="@AfterMethod tearDown" time="0.0">
    <skipped/>
  </testcase> <!-- @AfterMethod tearDown -->
  <testcase classname="com.assignment.testcase.HomePageTest" name="@BeforeMethod setup" time="0.0">
    <skipped/>
  </testcase> <!-- @BeforeMethod setup -->
  <testcase classname="com.assignment.testcase.HomePageTest" name="@AfterMethod tearDown" time="0.0">
    <skipped/>
  </testcase> <!-- @AfterMethod tearDown -->
  <testcase classname="com.assignment.testcase.HomePageTest" name="@BeforeMethod setup" time="0.0">
    <skipped/>
  </testcase> <!-- @BeforeMethod setup -->
  <testcase classname="com.assignment.testcase.HomePageTest" name="@AfterMethod tearDown" time="0.0">
    <skipped/>
  </testcase> <!-- @AfterMethod tearDown -->
  <testcase classname="com.assignment.testcase.HomePageTest" name="@BeforeMethod setup" time="0.0">
    <skipped/>
  </testcase> <!-- @BeforeMethod setup -->
  <testcase classname="com.assignment.testcase.HomePageTest" name="@AfterMethod tearDown" time="0.0">
    <skipped/>
  </testcase> <!-- @AfterMethod tearDown -->
  <testcase classname="com.assignment.testcase.HomePageTest" name="@BeforeMethod setup" time="0.0">
    <skipped/>
  </testcase> <!-- @BeforeMethod setup -->
  <testcase classname="com.assignment.testcase.HomePageTest" name="@AfterMethod tearDown" time="0.0">
    <skipped/>
  </testcase> <!-- @AfterMethod tearDown -->
  <testcase classname="com.assignment.testcase.HomePageTest" name="@BeforeMethod setup" time="0.0">
    <skipped/>
  </testcase> <!-- @BeforeMethod setup -->
  <testcase classname="com.assignment.testcase.HomePageTest" name="@AfterMethod tearDown" time="0.0">
    <skipped/>
  </testcase> <!-- @AfterMethod tearDown -->
  <testcase classname="com.assignment.testcase.HomePageTest" name="@BeforeMethod setup" time="0.0">
    <skipped/>
  </testcase> <!-- @BeforeMethod setup -->
  <testcase classname="com.assignment.testcase.HomePageTest" name="@AfterMethod tearDown" time="0.0">
    <skipped/>
  </testcase> <!-- @AfterMethod tearDown -->
  <testcase classname="com.assignment.testcase.HomePageTest" name="@BeforeMethod setup" time="0.0">
    <skipped/>
  </testcase> <!-- @BeforeMethod setup -->
  <testcase classname="com.assignment.testcase.HomePageTest" name="@AfterMethod tearDown" time="0.0">
    <skipped/>
  </testcase> <!-- @AfterMethod tearDown -->
  <testcase classname="com.assignment.testcase.HomePageTest" name="@BeforeMethod setup" time="0.0">
    <skipped/>
  </testcase> <!-- @BeforeMethod setup -->
  <testcase classname="com.assignment.testcase.HomePageTest" name="@AfterMethod tearDown" time="0.0">
    <skipped/>
  </testcase> <!-- @AfterMethod tearDown -->
  <testcase classname="com.assignment.testcase.HomePageTest" name="@BeforeMethod setup" time="0.0">
    <skipped/>
  </testcase> <!-- @BeforeMethod setup -->
  <testcase classname="com.assignment.testcase.HomePageTest" name="@AfterMethod tearDown" time="0.0">
    <skipped/>
  </testcase> <!-- @AfterMethod tearDown -->
  <testcase classname="com.assignment.testcase.HomePageTest" name="@BeforeMethod setup" time="0.0">
    <skipped/>
  </testcase> <!-- @BeforeMethod setup -->
  <testcase classname="com.assignment.testcase.HomePageTest" name="@AfterMethod tearDown" time="0.0">
    <skipped/>
  </testcase> <!-- @AfterMethod tearDown -->
  <testcase classname="com.assignment.testcase.HomePageTest" name="@BeforeMethod setup" time="0.0">
    <skipped/>
  </testcase> <!-- @BeforeMethod setup -->
  <testcase classname="com.assignment.testcase.HomePageTest" name="@AfterMethod tearDown" time="0.0">
    <skipped/>
  </testcase> <!-- @AfterMethod tearDown -->
  <testcase classname="com.assignment.testcase.HomePageTest" name="@BeforeMethod setup" time="0.0">
    <skipped/>
  </testcase> <!-- @BeforeMethod setup -->
  <testcase classname="com.assignment.testcase.HomePageTest" name="@AfterMethod tearDown" time="0.0">
    <skipped/>
  </testcase> <!-- @AfterMethod tearDown -->
  <testcase classname="com.assignment.testcase.HomePageTest" name="@BeforeMethod setup" time="0.0">
    <skipped/>
  </testcase> <!-- @BeforeMethod setup -->
  <testcase classname="com.assignment.testcase.HomePageTest" name="@AfterMethod tearDown" time="0.0">
    <skipped/>
  </testcase> <!-- @AfterMethod tearDown -->
  <testcase classname="com.assignment.testcase.HomePageTest" name="@BeforeMethod setup" time="0.0">
    <skipped/>
  </testcase> <!-- @BeforeMethod setup -->
  <testcase classname="com.assignment.testcase.HomePageTest" name="@AfterMethod tearDown" time="0.0">
    <skipped/>
  </testcase> <!-- @AfterMethod tearDown -->
  <testcase classname="com.assignment.testcase.HomePageTest" name="@BeforeMethod setup" time="0.0">
    <skipped/>
  </testcase> <!-- @BeforeMethod setup -->
  <testcase classname="com.assignment.testcase.HomePageTest" name="@AfterMethod tearDown" time="0.0">
    <skipped/>
  </testcase> <!-- @AfterMethod tearDown -->
  <testcase classname="com.assignment.testcase.HomePageTest" name="@BeforeMethod setup" time="0.0">
    <skipped/>
  </testcase> <!-- @BeforeMethod setup -->
  <testcase classname="com.assignment.testcase.HomePageTest" name="@AfterMethod tearDown" time="0.0">
    <skipped/>
  </testcase> <!-- @AfterMethod tearDown -->
  <testcase classname="com.assignment.testcase.HomePageTest" name="@BeforeMethod setup" time="0.0">
    <skipped/>
  </testcase> <!-- @BeforeMethod setup -->
  <testcase classname="com.assignment.testcase.HomePageTest" name="@AfterMethod tearDown" time="0.0">
    <skipped/>
  </testcase> <!-- @AfterMethod tearDown -->
  <testcase classname="com.assignment.testcase.HomePageTest" name="@BeforeMethod setup" time="0.0">
    <skipped/>
  </testcase> <!-- @BeforeMethod setup -->
  <testcase classname="com.assignment.testcase.HomePageTest" name="@AfterMethod tearDown" time="0.0">
    <skipped/>
  </testcase> <!-- @AfterMethod tearDown -->
  <testcase classname="com.assignment.testcase.HomePageTest" name="@BeforeMethod setup" time="0.0">
    <skipped/>
  </testcase> <!-- @BeforeMethod setup -->
  <testcase classname="com.assignment.testcase.HomePageTest" name="@AfterMethod tearDown" time="0.0">
    <skipped/>
  </testcase> <!-- @AfterMethod tearDown -->
  <testcase classname="com.assignment.testcase.HomePageTest" name="@BeforeMethod setup" time="0.0">
    <skipped/>
  </testcase> <!-- @BeforeMethod setup -->
  <testcase classname="com.assignment.testcase.HomePageTest" name="@AfterMethod tearDown" time="0.0">
    <skipped/>
  </testcase> <!-- @AfterMethod tearDown -->
  <testcase classname="com.assignment.testcase.HomePageTest" name="@BeforeMethod setup" time="0.0">
    <skipped/>
  </testcase> <!-- @BeforeMethod setup -->
  <testcase classname="com.assignment.testcase.HomePageTest" name="@AfterMethod tearDown" time="0.0">
    <skipped/>
  </testcase> <!-- @AfterMethod tearDown -->
  <testcase classname="com.assignment.testcase.HomePageTest" name="@BeforeMethod setup" time="0.0">
    <skipped/>
  </testcase> <!-- @BeforeMethod setup -->
  <testcase classname="com.assignment.testcase.HomePageTest" name="@AfterMethod tearDown" time="0.0">
    <skipped/>
  </testcase> <!-- @AfterMethod tearDown -->
  <testcase classname="com.assignment.testcase.HomePageTest" name="@BeforeMethod setup" time="0.0">
    <skipped/>
  </testcase> <!-- @BeforeMethod setup -->
  <testcase classname="com.assignment.testcase.HomePageTest" name="@AfterMethod tearDown" time="0.0">
    <skipped/>
  </testcase> <!-- @AfterMethod tearDown -->
  <testcase classname="com.assignment.testcase.HomePageTest" name="@BeforeMethod setup" time="0.0">
    <skipped/>
  </testcase> <!-- @BeforeMethod setup -->
  <testcase classname="com.assignment.testcase.HomePageTest" name="@AfterMethod tearDown" time="0.0">
    <skipped/>
  </testcase> <!-- @AfterMethod tearDown -->
  <testcase classname="com.assignment.testcase.HomePageTest" name="@BeforeMethod setup" time="0.0">
    <skipped/>
  </testcase> <!-- @BeforeMethod setup -->
  <testcase classname="com.assignment.testcase.HomePageTest" name="@AfterMethod tearDown" time="0.0">
    <skipped/>
  </testcase> <!-- @AfterMethod tearDown -->
  <testcase classname="com.assignment.testcase.HomePageTest" name="@BeforeMethod setup" time="0.0">
    <skipped/>
  </testcase> <!-- @BeforeMethod setup -->
  <testcase classname="com.assignment.testcase.HomePageTest" name="@AfterMethod tearDown" time="0.0">
    <skipped/>
  </testcase> <!-- @AfterMethod tearDown -->
  <testcase classname="com.assignment.testcase.HomePageTest" name="@BeforeMethod setup" time="0.0">
    <skipped/>
  </testcase> <!-- @BeforeMethod setup -->
  <testcase classname="com.assignment.testcase.HomePageTest" name="@AfterMethod tearDown" time="0.0">
    <skipped/>
  </testcase> <!-- @AfterMethod tearDown -->
  <testcase classname="com.assignment.testcase.HomePageTest" name="verifyLang" time="0.009"/>
  <testcase classname="com.assignment.testcase.HomePageTest" name="verifyLang" time="0.0"/>
  <testcase classname="com.assignment.testcase.HomePageTest" name="verifyLang" time="0.0"/>
  <testcase classname="com.assignment.testcase.HomePageTest" name="verifyLang" time="0.0"/>
  <testcase classname="com.assignment.testcase.HomePageTest" name="verifyLang" time="0.0"/>
  <testcase classname="com.assignment.testcase.HomePageTest" name="verifyLang" time="0.0">
    <skipped/>
  </testcase> <!-- verifyLang -->
  <testcase classname="com.assignment.testcase.HomePageTest" name="verifyLang" time="0.0">
    <skipped/>
  </testcase> <!-- verifyLang -->
  <testcase classname="com.assignment.testcase.HomePageTest" name="verifyLang" time="0.0">
    <skipped/>
  </testcase> <!-- verifyLang -->
  <testcase classname="com.assignment.testcase.HomePageTest" name="verifyLang" time="0.0">
    <skipped/>
  </testcase> <!-- verifyLang -->
  <testcase classname="com.assignment.testcase.HomePageTest" name="verifyLang" time="0.0">
    <skipped/>
  </testcase> <!-- verifyLang -->
  <testcase classname="com.assignment.testcase.HomePageTest" name="verifyLang" time="0.0">
    <skipped/>
  </testcase> <!-- verifyLang -->
  <testcase classname="com.assignment.testcase.HomePageTest" name="verifyLang" time="0.0">
    <skipped/>
  </testcase> <!-- verifyLang -->
  <testcase classname="com.assignment.testcase.HomePageTest" name="verifyLang" time="0.0">
    <skipped/>
  </testcase> <!-- verifyLang -->
  <testcase classname="com.assignment.testcase.HomePageTest" name="verifyLang" time="0.0">
    <skipped/>
  </testcase> <!-- verifyLang -->
  <testcase classname="com.assignment.testcase.HomePageTest" name="verifyLang" time="0.0">
    <skipped/>
  </testcase> <!-- verifyLang -->
  <testcase classname="com.assignment.testcase.HomePageTest" name="verifyLang" time="0.0">
    <skipped/>
  </testcase> <!-- verifyLang -->
  <testcase classname="com.assignment.testcase.HomePageTest" name="verifyLang" time="0.0">
    <skipped/>
  </testcase> <!-- verifyLang -->
  <testcase classname="com.assignment.testcase.HomePageTest" name="verifyLang" time="0.0">
    <skipped/>
  </testcase> <!-- verifyLang -->
  <testcase classname="com.assignment.testcase.HomePageTest" name="verifyLang" time="0.0">
    <skipped/>
  </testcase> <!-- verifyLang -->
  <testcase classname="com.assignment.testcase.HomePageTest" name="verifyLang" time="0.0">
    <skipped/>
  </testcase> <!-- verifyLang -->
  <testcase classname="com.assignment.testcase.HomePageTest" name="verifyLang" time="0.0">
    <skipped/>
  </testcase> <!-- verifyLang -->
  <testcase classname="com.assignment.testcase.HomePageTest" name="verifyLang" time="0.0">
    <skipped/>
  </testcase> <!-- verifyLang -->
  <testcase classname="com.assignment.testcase.HomePageTest" name="verifyLang" time="0.0">
    <skipped/>
  </testcase> <!-- verifyLang -->
  <testcase classname="com.assignment.testcase.HomePageTest" name="verifyLang" time="0.0">
    <skipped/>
  </testcase> <!-- verifyLang -->
  <testcase classname="com.assignment.testcase.HomePageTest" name="verifyLang" time="0.0">
    <skipped/>
  </testcase> <!-- verifyLang -->
  <testcase classname="com.assignment.testcase.HomePageTest" name="verifyLang" time="0.0">
    <skipped/>
  </testcase> <!-- verifyLang -->
  <testcase classname="com.assignment.testcase.HomePageTest" name="verifyLang" time="0.0">
    <skipped/>
  </testcase> <!-- verifyLang -->
  <testcase classname="com.assignment.testcase.HomePageTest" name="verifyLang" time="0.0">
    <skipped/>
  </testcase> <!-- verifyLang -->
  <testcase classname="com.assignment.testcase.HomePageTest" name="verifyLang" time="0.0">
    <skipped/>
  </testcase> <!-- verifyLang -->
  <testcase classname="com.assignment.testcase.HomePageTest" name="verifyLang" time="0.0">
    <skipped/>
  </testcase> <!-- verifyLang -->
  <testcase classname="com.assignment.testcase.HomePageTest" name="verifyLang" time="0.0">
    <skipped/>
  </testcase> <!-- verifyLang -->
  <testcase classname="com.assignment.testcase.HomePageTest" name="verifyLang" time="0.0">
    <skipped/>
  </testcase> <!-- verifyLang -->
  <testcase classname="com.assignment.testcase.HomePageTest" name="verifyLang" time="0.0">
    <skipped/>
  </testcase> <!-- verifyLang -->
  <testcase classname="com.assignment.testcase.HomePageTest" name="verifyLang" time="0.0">
    <skipped/>
  </testcase> <!-- verifyLang -->
  <testcase classname="com.assignment.testcase.HomePageTest" name="verifyLang" time="0.0">
    <skipped/>
  </testcase> <!-- verifyLang -->
  <testcase classname="com.assignment.testcase.HomePageTest" name="verifyLang" time="0.0">
    <skipped/>
  </testcase> <!-- verifyLang -->
  <testcase classname="com.assignment.testcase.HomePageTest" name="verifyLang" time="0.0">
    <skipped/>
  </testcase> <!-- verifyLang -->
  <testcase classname="com.assignment.testcase.HomePageTest" name="verifyLang" time="0.0">
    <skipped/>
  </testcase> <!-- verifyLang -->
  <testcase classname="com.assignment.testcase.HomePageTest" name="verifyLang" time="0.0">
    <skipped/>
  </testcase> <!-- verifyLang -->
  <testcase classname="com.assignment.testcase.HomePageTest" name="verifyLang" time="0.0">
    <skipped/>
  </testcase> <!-- verifyLang -->
  <testcase classname="com.assignment.testcase.HomePageTest" name="verifyLang" time="0.0">
    <skipped/>
  </testcase> <!-- verifyLang -->
  <testcase classname="com.assignment.testcase.HomePageTest" name="verifyLang" time="0.0">
    <skipped/>
  </testcase> <!-- verifyLang -->
  <testcase classname="com.assignment.testcase.HomePageTest" name="verifyLang" time="0.0">
    <skipped/>
  </testcase> <!-- verifyLang -->
  <testcase classname="com.assignment.testcase.HomePageTest" name="verifyLang" time="0.0">
    <skipped/>
  </testcase> <!-- verifyLang -->
  <testcase classname="com.assignment.testcase.HomePageTest" name="verifyLang" time="0.0">
    <skipped/>
  </testcase> <!-- verifyLang -->
  <testcase classname="com.assignment.testcase.HomePageTest" name="verifyLang" time="0.0">
    <skipped/>
  </testcase> <!-- verifyLang -->
  <testcase classname="com.assignment.testcase.HomePageTest" name="verifyLang" time="0.0">
    <skipped/>
  </testcase> <!-- verifyLang -->
  <testcase classname="com.assignment.testcase.HomePageTest" name="verifyLang" time="0.0">
    <skipped/>
  </testcase> <!-- verifyLang -->
  <testcase classname="com.assignment.testcase.HomePageTest" name="verifyLang" time="0.0">
    <skipped/>
  </testcase> <!-- verifyLang -->
  <testcase classname="com.assignment.testcase.HomePageTest" name="verifyLang" time="0.0">
    <skipped/>
  </testcase> <!-- verifyLang -->
  <testcase classname="com.assignment.testcase.HomePageTest" name="verifyLang" time="0.0">
    <skipped/>
  </testcase> <!-- verifyLang -->
  <testcase classname="com.assignment.testcase.HomePageTest" name="verifyLang" time="0.0">
    <skipped/>
  </testcase> <!-- verifyLang -->
  <testcase classname="com.assignment.testcase.HomePageTest" name="verifyLang" time="0.0">
    <skipped/>
  </testcase> <!-- verifyLang -->
  <testcase classname="com.assignment.testcase.HomePageTest" name="verifyLang" time="0.0">
    <skipped/>
  </testcase> <!-- verifyLang -->
  <testcase classname="com.assignment.testcase.HomePageTest" name="verifyLang" time="0.0">
    <skipped/>
  </testcase> <!-- verifyLang -->
  <testcase classname="com.assignment.testcase.HomePageTest" name="verifyLang" time="0.0">
    <skipped/>
  </testcase> <!-- verifyLang -->
  <testcase classname="com.assignment.testcase.HomePageTest" name="verifyLang" time="0.0">
    <skipped/>
  </testcase> <!-- verifyLang -->
  <testcase classname="com.assignment.testcase.HomePageTest" name="verifyLang" time="0.0">
    <skipped/>
  </testcase> <!-- verifyLang -->
  <testcase classname="com.assignment.testcase.HomePageTest" name="verifyLang" time="0.0">
    <skipped/>
  </testcase> <!-- verifyLang -->
  <testcase classname="com.assignment.testcase.HomePageTest" name="verifyLang" time="0.0">
    <skipped/>
  </testcase> <!-- verifyLang -->
  <testcase classname="com.assignment.testcase.HomePageTest" name="verifyLang" time="0.0">
    <skipped/>
  </testcase> <!-- verifyLang -->
  <testcase classname="com.assignment.testcase.HomePageTest" name="verifyLang" time="0.0">
    <skipped/>
  </testcase> <!-- verifyLang -->
  <testcase classname="com.assignment.testcase.HomePageTest" name="verifyLang" time="0.0">
    <skipped/>
  </testcase> <!-- verifyLang -->
  <testcase classname="com.assignment.testcase.HomePageTest" name="verifyLang" time="0.0">
    <skipped/>
  </testcase> <!-- verifyLang -->
  <testcase classname="com.assignment.testcase.HomePageTest" name="verifyLang" time="0.0">
    <skipped/>
  </testcase> <!-- verifyLang -->
  <testcase classname="com.assignment.testcase.HomePageTest" name="verifyLang" time="0.0">
    <skipped/>
  </testcase> <!-- verifyLang -->
  <testcase classname="com.assignment.testcase.HomePageTest" name="verifyLang" time="0.0">
    <skipped/>
  </testcase> <!-- verifyLang -->
  <testcase classname="com.assignment.testcase.HomePageTest" name="verifyLang" time="0.0">
    <skipped/>
  </testcase> <!-- verifyLang -->
  <testcase classname="com.assignment.testcase.HomePageTest" name="verifyLang" time="0.0">
    <skipped/>
  </testcase> <!-- verifyLang -->
  <testcase classname="com.assignment.testcase.HomePageTest" name="verifyLang" time="0.0">
    <skipped/>
  </testcase> <!-- verifyLang -->
  <testcase classname="com.assignment.testcase.HomePageTest" name="verifyLang" time="0.0">
    <skipped/>
  </testcase> <!-- verifyLang -->
  <testcase classname="com.assignment.testcase.HomePageTest" name="verifyLang" time="0.0">
    <skipped/>
  </testcase> <!-- verifyLang -->
  <testcase classname="com.assignment.testcase.HomePageTest" name="verifyLang" time="0.0">
    <skipped/>
  </testcase> <!-- verifyLang -->
  <testcase classname="com.assignment.testcase.HomePageTest" name="verifyLang" time="0.0">
    <skipped/>
  </testcase> <!-- verifyLang -->
  <testcase classname="com.assignment.testcase.HomePageTest" name="verifyLang" time="0.0">
    <skipped/>
  </testcase> <!-- verifyLang -->
  <testcase classname="com.assignment.testcase.HomePageTest" name="verifyLang" time="0.0">
    <skipped/>
  </testcase> <!-- verifyLang -->
  <testcase classname="com.assignment.testcase.HomePageTest" name="verifyLang" time="0.0">
    <skipped/>
  </testcase> <!-- verifyLang -->
  <testcase classname="com.assignment.testcase.HomePageTest" name="verifyLang" time="0.0">
    <skipped/>
  </testcase> <!-- verifyLang -->
  <testcase classname="com.assignment.testcase.HomePageTest" name="verifyLang" time="0.0">
    <skipped/>
  </testcase> <!-- verifyLang -->
  <testcase classname="com.assignment.testcase.HomePageTest" name="verifyLang" time="0.0">
    <skipped/>
  </testcase> <!-- verifyLang -->
  <testcase classname="com.assignment.testcase.HomePageTest" name="verifyLang" time="0.0">
    <skipped/>
  </testcase> <!-- verifyLang -->
  <testcase classname="com.assignment.testcase.HomePageTest" name="verifyLang" time="0.0">
    <skipped/>
  </testcase> <!-- verifyLang -->
  <testcase classname="com.assignment.testcase.HomePageTest" name="verifyLang" time="0.0">
    <skipped/>
  </testcase> <!-- verifyLang -->
  <testcase classname="com.assignment.testcase.HomePageTest" name="verifyLang" time="0.0">
    <skipped/>
  </testcase> <!-- verifyLang -->
  <testcase classname="com.assignment.testcase.HomePageTest" name="verifyLang" time="0.0">
    <skipped/>
  </testcase> <!-- verifyLang -->
  <testcase classname="com.assignment.testcase.HomePageTest" name="verifyLang" time="0.0">
    <skipped/>
  </testcase> <!-- verifyLang -->
  <testcase classname="com.assignment.testcase.HomePageTest" name="verifyLang" time="0.0">
    <skipped/>
  </testcase> <!-- verifyLang -->
  <testcase classname="com.assignment.testcase.HomePageTest" name="verifyLang" time="0.0">
    <skipped/>
  </testcase> <!-- verifyLang -->
  <testcase classname="com.assignment.testcase.HomePageTest" name="verifyLang" time="0.0">
    <skipped/>
  </testcase> <!-- verifyLang -->
  <testcase classname="com.assignment.testcase.HomePageTest" name="verifyLang" time="0.0">
    <skipped/>
  </testcase> <!-- verifyLang -->
  <testcase classname="com.assignment.testcase.HomePageTest" name="verifyLang" time="0.0">
    <skipped/>
  </testcase> <!-- verifyLang -->
  <testcase classname="com.assignment.testcase.HomePageTest" name="verifyLang" time="0.0">
    <skipped/>
  </testcase> <!-- verifyLang -->
  <testcase classname="com.assignment.testcase.HomePageTest" name="verifyLang" time="0.0">
    <skipped/>
  </testcase> <!-- verifyLang -->
  <testcase classname="com.assignment.testcase.HomePageTest" name="verifyLang" time="0.0">
    <skipped/>
  </testcase> <!-- verifyLang -->
  <testcase classname="com.assignment.testcase.HomePageTest" name="verifyLang" time="0.0">
    <skipped/>
  </testcase> <!-- verifyLang -->
  <testcase classname="com.assignment.testcase.HomePageTest" name="verifyLang" time="0.0">
    <skipped/>
  </testcase> <!-- verifyLang -->
  <testcase classname="com.assignment.testcase.HomePageTest" name="verifyLang" time="0.0">
    <skipped/>
  </testcase> <!-- verifyLang -->
  <testcase classname="com.assignment.testcase.HomePageTest" name="verifyLang" time="0.0">
    <skipped/>
  </testcase> <!-- verifyLang -->
  <testcase classname="com.assignment.testcase.HomePageTest" name="verifyLang" time="0.0">
    <skipped/>
  </testcase> <!-- verifyLang -->
  <testcase classname="com.assignment.testcase.HomePageTest" name="verifyLang" time="0.0">
    <skipped/>
  </testcase> <!-- verifyLang -->
  <testcase classname="com.assignment.testcase.HomePageTest" name="verifyLang" time="0.0">
    <skipped/>
  </testcase> <!-- verifyLang -->
  <testcase classname="com.assignment.testcase.HomePageTest" name="verifyLang" time="0.0">
    <skipped/>
  </testcase> <!-- verifyLang -->
  <testcase classname="com.assignment.testcase.HomePageTest" name="verifyLang" time="0.0">
    <skipped/>
  </testcase> <!-- verifyLang -->
  <testcase classname="com.assignment.testcase.HomePageTest" name="verifyLang" time="0.0">
    <skipped/>
  </testcase> <!-- verifyLang -->
  <testcase classname="com.assignment.testcase.HomePageTest" name="verifyLang" time="0.0">
    <skipped/>
  </testcase> <!-- verifyLang -->
  <testcase classname="com.assignment.testcase.HomePageTest" name="verifyLang" time="0.0">
    <skipped/>
  </testcase> <!-- verifyLang -->
  <testcase classname="com.assignment.testcase.HomePageTest" name="verifyLang" time="0.0">
    <skipped/>
  </testcase> <!-- verifyLang -->
  <testcase classname="com.assignment.testcase.HomePageTest" name="verifyLang" time="0.0">
    <skipped/>
  </testcase> <!-- verifyLang -->
  <testcase classname="com.assignment.testcase.HomePageTest" name="verifyLang" time="0.0">
    <skipped/>
  </testcase> <!-- verifyLang -->
  <testcase classname="com.assignment.testcase.HomePageTest" name="verifyLang" time="0.0">
    <skipped/>
  </testcase> <!-- verifyLang -->
  <testcase classname="com.assignment.testcase.HomePageTest" name="verifyLang" time="0.0">
    <skipped/>
  </testcase> <!-- verifyLang -->
  <testcase classname="com.assignment.testcase.HomePageTest" name="verifyLang" time="0.0">
    <skipped/>
  </testcase> <!-- verifyLang -->
  <testcase classname="com.assignment.testcase.HomePageTest" name="verifyLang" time="0.0">
    <skipped/>
  </testcase> <!-- verifyLang -->
  <testcase classname="com.assignment.testcase.HomePageTest" name="verifyLang" time="0.0">
    <skipped/>
  </testcase> <!-- verifyLang -->
  <testcase classname="com.assignment.testcase.HomePageTest" name="verifyLang" time="0.0">
    <skipped/>
  </testcase> <!-- verifyLang -->
  <testcase classname="com.assignment.testcase.HomePageTest" name="verifyLang" time="0.0">
    <skipped/>
  </testcase> <!-- verifyLang -->
  <testcase classname="com.assignment.testcase.HomePageTest" name="verifyLang" time="0.0">
    <skipped/>
  </testcase> <!-- verifyLang -->
  <testcase classname="com.assignment.testcase.HomePageTest" name="verifyLang" time="0.0">
    <skipped/>
  </testcase> <!-- verifyLang -->
  <testcase classname="com.assignment.testcase.HomePageTest" name="verifyLang" time="0.0">
    <skipped/>
  </testcase> <!-- verifyLang -->
  <testcase classname="com.assignment.testcase.HomePageTest" name="verifyLang" time="0.0">
    <skipped/>
  </testcase> <!-- verifyLang -->
  <testcase classname="com.assignment.testcase.HomePageTest" name="verifyLang" time="0.0">
    <skipped/>
  </testcase> <!-- verifyLang -->
  <testcase classname="com.assignment.testcase.HomePageTest" name="verifyLang" time="0.0">
    <skipped/>
  </testcase> <!-- verifyLang -->
  <testcase classname="com.assignment.testcase.HomePageTest" name="verifyLang" time="0.0">
    <skipped/>
  </testcase> <!-- verifyLang -->
  <testcase classname="com.assignment.testcase.HomePageTest" name="verifyLang" time="0.0">
    <skipped/>
  </testcase> <!-- verifyLang -->
  <testcase classname="com.assignment.testcase.HomePageTest" name="verifyLang" time="0.0">
    <skipped/>
  </testcase> <!-- verifyLang -->
  <testcase classname="com.assignment.testcase.HomePageTest" name="verifyLang" time="0.0">
    <skipped/>
  </testcase> <!-- verifyLang -->
  <testcase classname="com.assignment.testcase.HomePageTest" name="verifyLang" time="0.0">
    <skipped/>
  </testcase> <!-- verifyLang -->
  <testcase classname="com.assignment.testcase.HomePageTest" name="verifyLang" time="0.0">
    <skipped/>
  </testcase> <!-- verifyLang -->
  <testcase classname="com.assignment.testcase.HomePageTest" name="verifyLang" time="0.0">
    <skipped/>
  </testcase> <!-- verifyLang -->
  <testcase classname="com.assignment.testcase.HomePageTest" name="verifyLang" time="0.0">
    <skipped/>
  </testcase> <!-- verifyLang -->
  <testcase classname="com.assignment.testcase.HomePageTest" name="verifyLang" time="0.0">
    <skipped/>
  </testcase> <!-- verifyLang -->
  <testcase classname="com.assignment.testcase.HomePageTest" name="verifyLang" time="0.0">
    <skipped/>
  </testcase> <!-- verifyLang -->
  <testcase classname="com.assignment.testcase.HomePageTest" name="verifyLang" time="0.0">
    <skipped/>
  </testcase> <!-- verifyLang -->
  <testcase classname="com.assignment.testcase.HomePageTest" name="verifyLang" time="0.0">
    <skipped/>
  </testcase> <!-- verifyLang -->
  <testcase classname="com.assignment.testcase.HomePageTest" name="verifyLang" time="0.0">
    <skipped/>
  </testcase> <!-- verifyLang -->
  <testcase classname="com.assignment.testcase.HomePageTest" name="verifyLang" time="0.0">
    <skipped/>
  </testcase> <!-- verifyLang -->
  <testcase classname="com.assignment.testcase.HomePageTest" name="verifyLang" time="0.0">
    <skipped/>
  </testcase> <!-- verifyLang -->
  <testcase classname="com.assignment.testcase.HomePageTest" name="verifyLang" time="0.0">
    <skipped/>
  </testcase> <!-- verifyLang -->
  <testcase classname="com.assignment.testcase.HomePageTest" name="verifyLang" time="0.0">
    <skipped/>
  </testcase> <!-- verifyLang -->
  <testcase classname="com.assignment.testcase.HomePageTest" name="verifyLang" time="0.0">
    <skipped/>
  </testcase> <!-- verifyLang -->
  <testcase classname="com.assignment.testcase.HomePageTest" name="verifyLang" time="0.0">
    <skipped/>
  </testcase> <!-- verifyLang -->
  <testcase classname="com.assignment.testcase.HomePageTest" name="verifyLang" time="0.0">
    <skipped/>
  </testcase> <!-- verifyLang -->
  <testcase classname="com.assignment.testcase.HomePageTest" name="verifyLang" time="0.0">
    <skipped/>
  </testcase> <!-- verifyLang -->
  <testcase classname="com.assignment.testcase.HomePageTest" name="verifyLang" time="0.0">
    <skipped/>
  </testcase> <!-- verifyLang -->
  <testcase classname="com.assignment.testcase.HomePageTest" name="verifyLang" time="0.0">
    <skipped/>
  </testcase> <!-- verifyLang -->
  <testcase classname="com.assignment.testcase.HomePageTest" name="verifyLang" time="0.0">
    <skipped/>
  </testcase> <!-- verifyLang -->
  <testcase classname="com.assignment.testcase.HomePageTest" name="verifyLang" time="0.0">
    <skipped/>
  </testcase> <!-- verifyLang -->
  <testcase classname="com.assignment.testcase.HomePageTest" name="verifyLang" time="0.0">
    <skipped/>
  </testcase> <!-- verifyLang -->
  <testcase classname="com.assignment.testcase.HomePageTest" name="verifyLang" time="0.0">
    <skipped/>
  </testcase> <!-- verifyLang -->
  <testcase classname="com.assignment.testcase.HomePageTest" name="verifyLang" time="0.0">
    <skipped/>
  </testcase> <!-- verifyLang -->
</testsuite> <!-- Default test -->
